0 info it worked if it ends with ok
1 verbose cli [ 'C:\\Program Files\\nodejs\\node.exe',
1 verbose cli   'C:\\Program Files\\nodejs\\node_modules\\npm\\bin\\npm-cli.js',
1 verbose cli   'start' ]
2 info using npm@3.10.10
3 info using node@v6.11.3
4 verbose run-script [ 'prestart', 'start', 'poststart' ]
5 info lifecycle react_tabata_timer@0.0.1~prestart: react_tabata_timer@0.0.1
6 silly lifecycle react_tabata_timer@0.0.1~prestart: no script for prestart, continuing
7 info lifecycle react_tabata_timer@0.0.1~start: react_tabata_timer@0.0.1
8 verbose lifecycle react_tabata_timer@0.0.1~start: unsafe-perm in lifecycle true
9 verbose lifecycle react_tabata_timer@0.0.1~start: PATH: C:\Program Files\nodejs\node_modules\npm\bin\node-gyp-bin;E:\projekty 2018\React Tabata Timer\node_modules\.bin;C:\cmder\bin;C:\cmder\vendor\conemu-maximus5\ConEmu\Scripts;C:\cmder\vendor\conemu-maximus5;C:\cmder\vendor\conemu-maximus5\ConEmu;C:\Windows\system32;C:\Windows;C:\Windows\System32\Wbem;C:\Windows\System32\WindowsPowerShell\v1.0\;C:\Program Files (x86)\NVIDIA Corporation\PhysX\Common;C:\Program Files (x86)\Brackets\command;C:\Program Files\Git\cmd;C:\Program Files\MongoDB\Server\3.4\bin;C:\Program Files (x86)\Windows Kits\8.1\Windows Performance Toolkit\;C:\WINDOWS\system32;C:\WINDOWS;C:\WINDOWS\System32\Wbem;C:\WINDOWS\System32\WindowsPowerShell\v1.0\;C:\Program Files\nodejs\;C:\Ruby23-x64\bin;C:\Users\Filcis\AppData\Local\Microsoft\WindowsApps;C:\Program Files\Heroku\bin;C:\Users\Filcis\AppData\Local\atom\bin;C:\Users\Filcis\AppData\Roaming\npm;C:\Users\Filcis\AppData\Local\Turbo\Cmd\;C:\Program Files\Git\usr\bin;C:\Program Files\Git\usr\share\vim\vim74;C:\cmder\
10 verbose lifecycle react_tabata_timer@0.0.1~start: CWD: E:\projekty 2018\React Tabata Timer
11 silly lifecycle react_tabata_timer@0.0.1~start: Args: [ '/d /s /c', 'npm-run-all -p watch-css watch-js' ]
12 silly lifecycle react_tabata_timer@0.0.1~start: Returned: code: 1  signal: null
13 info lifecycle react_tabata_timer@0.0.1~start: Failed to exec start script
14 verbose stack Error: react_tabata_timer@0.0.1 start: `npm-run-all -p watch-css watch-js`
14 verbose stack Exit status 1
14 verbose stack     at EventEmitter.<anonymous> (C:\Program Files\nodejs\node_modules\npm\lib\utils\lifecycle.js:255:16)
14 verbose stack     at emitTwo (events.js:106:13)
14 verbose stack     at EventEmitter.emit (events.js:191:7)
14 verbose stack     at ChildProcess.<anonymous> (C:\Program Files\nodejs\node_modules\npm\lib\utils\spawn.js:40:14)
14 verbose stack     at emitTwo (events.js:106:13)
14 verbose stack     at ChildProcess.emit (events.js:191:7)
14 verbose stack     at maybeClose (internal/child_process.js:920:16)
14 verbose stack     at Process.ChildProcess._handle.onexit (internal/child_process.js:230:5)
15 verbose pkgid react_tabata_timer@0.0.1
16 verbose cwd E:\projekty 2018\React Tabata Timer\client
17 error Windows_NT 10.0.15063
18 error argv "C:\\Program Files\\nodejs\\node.exe" "C:\\Program Files\\nodejs\\node_modules\\npm\\bin\\npm-cli.js" "start"
19 error node v6.11.3
20 error npm  v3.10.10
21 error code ELIFECYCLE
22 error react_tabata_timer@0.0.1 start: `npm-run-all -p watch-css watch-js`
22 error Exit status 1
23 error Failed at the react_tabata_timer@0.0.1 start script 'npm-run-all -p watch-css watch-js'.
23 error Make sure you have the latest version of node.js and npm installed.
23 error If you do, this is most likely a problem with the react_tabata_timer package,
23 error not with npm itself.
23 error Tell the author that this fails on your system:
23 error     npm-run-all -p watch-css watch-js
23 error You can get information on how to open an issue for this project with:
23 error     npm bugs react_tabata_timer
23 error Or if that isn't available, you can get their info via:
23 error     npm owner ls react_tabata_timer
23 error There is likely additional logging output above.
24 verbose exit [ 1, true ]
